<?xml version="1.0" encoding="UTF-8"?>
<testng-results ignored="0" total="1" passed="1" failed="0" skipped="0">
  <reporter-output>
  </reporter-output>
  <suite started-at="2024-05-02T15:38:12 IST" name="Default suite" finished-at="2024-05-02T15:39:21 IST" duration-ms="69142">
    <groups>
    </groups>
    <test started-at="2024-05-02T15:38:12 IST" name="Default test" finished-at="2024-05-02T15:39:21 IST" duration-ms="69142">
      <class name="testpkg.Categorytest">
        <test-method is-config="true" signature="setup()[pri:0, instance:testpkg.Categorytest@63376bed]" started-at="2024-05-02T15:38:12 IST" name="setup" finished-at="2024-05-02T15:38:49 IST" duration-ms="37143" status="PASS">
          <reporter-output>
          </reporter-output>
        </test-method> <!-- setup -->
        <test-method signature="test1login()[pri:0, instance:testpkg.Categorytest@63376bed]" started-at="2024-05-02T15:38:49 IST" name="test1login" finished-at="2024-05-02T15:39:21 IST" duration-ms="31636" status="PASS">
          <reporter-output>
          </reporter-output>
        </test-method> <!-- test1login -->
      </class> <!-- testpkg.Categorytest -->
    </test> <!-- Default test -->
  </suite> <!-- Default suite -->
</testng-results>
